<?xml version="1.0" encoding="UTF-8"?>
<!-- Generated by org.testng.reporters.JUnitXMLReporter -->
<testsuite ignored="0" hostname="DESKTOP-OLMI7T4" failures="0" tests="5" name="Default test" time="33.306" errors="0" timestamp="2024-11-22T20:54:18 WAT">
  <testcase classname="com.automationexercise.baseTest.ContactUsTest" name="homepageTest" time="7.59"/>
  <testcase classname="com.automationexercise.baseTest.ContactUsTest" name="verifyText" time="0.124"/>
  <testcase classname="com.automationexercise.baseTest.ContactUsTest" name="contactUsTest" time="2.057"/>
  <testcase classname="com.automationexercise.baseTest.ContactUsTest" name="goToContacts" time="5.58"/>
  <testcase classname="com.automationexercise.baseTest.ContactUsTest" name="ContactPage" time="3.301"/>
</testsuite> <!-- Default test -->
