<?xml version="1.0" encoding="UTF-8"?>
<testng-results ignored="0" total="5" passed="5" failed="0" skipped="0">
  <reporter-output>
  </reporter-output>
  <suite started-at="2024-11-22T20:53:45 WAT" name="Default suite" finished-at="2024-11-22T20:54:18 WAT" duration-ms="33306">
    <groups>
    </groups>
    <test started-at="2024-11-22T20:53:45 WAT" name="Default test" finished-at="2024-11-22T20:54:18 WAT" duration-ms="33306">
      <class name="com.automationexercise.baseTest.ContactUsTest">
        <test-method is-config="true" signature="buildUp()[pri:0, instance:com.automationexercise.baseTest.ContactUsTest@420745d7]" started-at="2024-11-22T20:53:45 WAT" name="buildUp" finished-at="2024-11-22T20:53:59 WAT" duration-ms="14294" status="PASS">
          <reporter-output>
          </reporter-output>
        </test-method> <!-- buildUp -->
        <test-method signature="homepageTest()[pri:1, instance:com.automationexercise.baseTest.ContactUsTest@420745d7]" started-at="2024-11-22T20:53:59 WAT" name="homepageTest" finished-at="2024-11-22T20:54:07 WAT" duration-ms="7590" status="PASS">
          <reporter-output>
          </reporter-output>
        </test-method> <!-- homepageTest -->
        <test-method signature="verifyText()[pri:2, instance:com.automationexercise.baseTest.ContactUsTest@420745d7]" started-at="2024-11-22T20:54:07 WAT" name="verifyText" finished-at="2024-11-22T20:54:07 WAT" duration-ms="124" status="PASS">
          <reporter-output>
          </reporter-output>
        </test-method> <!-- verifyText -->
        <test-method signature="contactUsTest(java.lang.String,java.lang.String,java.lang.String,java.lang.String)[pri:3, instance:com.automationexercise.baseTest.ContactUsTest@420745d7]" started-at="2024-11-22T20:54:07 WAT" name="contactUsTest" data-provider="dp" finished-at="2024-11-22T20:54:09 WAT" duration-ms="2057" status="PASS">
          <params>
            <param index="0">
              <value>
                <![CDATA[yesina]]>
              </value>
            </param>
            <param index="1">
              <value>
                <![CDATA[yestan@gmail.com]]>
              </value>
            </param>
            <param index="2">
              <value>
                <![CDATA[ Chasescroll’s Business Booking, Service Optimization]]>
              </value>
            </param>
            <param index="3">
              <value>
                <![CDATA[Enhancements for Chasescroll’s Business Booking, Service Optimization, and Donation Features]]>
              </value>
            </param>
          </params>
          <reporter-output>
          </reporter-output>
        </test-method> <!-- contactUsTest -->
        <test-method signature="goToContacts()[pri:4, instance:com.automationexercise.baseTest.ContactUsTest@420745d7]" started-at="2024-11-22T20:54:09 WAT" name="goToContacts" finished-at="2024-11-22T20:54:15 WAT" duration-ms="5580" status="PASS">
          <reporter-output>
          </reporter-output>
        </test-method> <!-- goToContacts -->
        <test-method signature="ContactPage()[pri:5, instance:com.automationexercise.baseTest.ContactUsTest@420745d7]" started-at="2024-11-22T20:54:15 WAT" name="ContactPage" finished-at="2024-11-22T20:54:18 WAT" duration-ms="3301" status="PASS">
          <reporter-output>
          </reporter-output>
        </test-method> <!-- ContactPage -->
        <test-method is-config="true" signature="tearDown()[pri:0, instance:com.automationexercise.baseTest.ContactUsTest@420745d7]" started-at="2024-11-22T20:54:18 WAT" name="tearDown" finished-at="2024-11-22T20:54:20 WAT" duration-ms="1919" status="PASS">
          <reporter-output>
          </reporter-output>
        </test-method> <!-- tearDown -->
      </class> <!-- com.automationexercise.baseTest.ContactUsTest -->
    </test> <!-- Default test -->
  </suite> <!-- Default suite -->
</testng-results>
